<?xml version="1.0" encoding="UTF-8"?>
<testsuite xmlns:xsi="http://www.w3.org/2001/XMLSchema-instance" xsi:noNamespaceSchemaLocation="https://maven.apache.org/surefire/maven-surefire-plugin/xsd/surefire-test-report-3.0.xsd" version="3.0" name="TestRunner" time="0.92" tests="4" errors="4" skipped="0" failures="0">
  <properties>
[...]
</properties>
  <testcase name="[1:7] List users" classname="features/api-tests" time="0.102">
    <error type="java.lang.NoSuchMethodError"><![CDATA[java.lang.NoSuchMethodError: 'void sun.misc.Unsafe.ensureClassInitialized(java.lang.Class)'
]]></error>
  </testcase>
  <testcase name="[2:14] Create user" classname="features/api-tests" time="0">
    <error type="java.lang.NoClassDefFoundError"><![CDATA[java.lang.NoClassDefFoundError: Could not initialize class org.graalvm.polyglot.Engine$ImplHolder
Caused by: java.lang.ExceptionInInitializerError: Exception java.lang.NoSuchMethodError: 'void sun.misc.Unsafe.ensureClassInitialized(java.lang.Class)' [in thread "main"]
]]></error>
  </testcase>
  <testcase name="[3:22] Update user" classname="features/api-tests" time="0.001">
    <error type="java.lang.NoClassDefFoundError"><![CDATA[java.lang.NoClassDefFoundError: Could not initialize class org.graalvm.polyglot.Engine$ImplHolder
Caused by: java.lang.ExceptionInInitializerError: Exception java.lang.NoSuchMethodError: 'void sun.misc.Unsafe.ensureClassInitialized(java.lang.Class)' [in thread "main"]
]]></error>
  </testcase>
  <testcase name="[4:30] Delete user" classname="features/api-tests" time="0.001">
    <error type="java.lang.NoClassDefFoundError"><![CDATA[java.lang.NoClassDefFoundError: Could not initialize class org.graalvm.polyglot.Engine$ImplHolder
Caused by: java.lang.ExceptionInInitializerError: Exception java.lang.NoSuchMethodError: 'void sun.misc.Unsafe.ensureClassInitialized(java.lang.Class)' [in thread "main"]
]]></error>
  </testcase>
</testsuite>